<?xml version="1.0" encoding="UTF-8" standalone="no"?>
<testsuite errors="0" failures="0" name="io.cucumber.core.plugin.JUnitFormatter" skipped="0" tests="1" time="10.615">
<testcase classname="Teste login usuario" name="Realiza login" time="10.356">
<system-out><![CDATA[Given abre o browser........................................................passed
And user clica em LogIn.....................................................passed
When user preenche campo de saladini e 0123.................................passed
And user clica em logar.....................................................passed
Then valida campo de Usuario ativo..........................................passed
]]></system-out>
</testcase>
</testsuite>
